[    0.000000] Initializing cgroup subsys cpuset
[    0.000000] Initializing cgroup subsys cpu
[    0.000000] Initializing cgroup subsys cpuacct
[    0.000000] Linux version 4.4.0-77-generic (buildd@lgw01-59) (gcc version 5.4.0 20160609 (Ubuntu 5.4.0-6ubuntu1~16.04.4) ) #98-Ubuntu SMP Wed Apr 26 08:34:02 UTC 2017 (Ubuntu 4.4.0-77.98-generic 4.4.59)
[    0.000000] Command line: BOOT_IMAGE=/boot/vmlinuz-4.4.0-77-generic root=LABEL=cloudimg-rootfs ro console=tty1 console=ttyS0
[    0.000000] KERNEL supported cpus:
[    0.000000]   Intel GenuineIntel
[    0.000000]   AMD AuthenticAMD
[    0.000000]   Centaur CentaurHauls
[    0.000000] x86/fpu: xstate_offset[2]:  576, xstate_sizes[2]:  256
[    0.000000] x86/fpu: Supporting XSAVE feature 0x01: 'x87 floating point registers'
[    0.000000] x86/fpu: Supporting XSAVE feature 0x02: 'SSE registers'
[    0.000000] x86/fpu: Supporting XSAVE feature 0x04: 'AVX registers'
[    0.000000] x86/fpu: Enabled xstate features 0x7, context size is 832 bytes, using 'standard' format.
[    0.000000] x86/fpu: Using 'lazy' FPU context switches.
[    0.000000] e820: BIOS-provided physical RAM map:
[    0.000000] BIOS-e820: [mem 0x0000000000000000-0x000000000009fbff] usable
[    0.000000] BIOS-e820: [mem 0x000000000009fc00-0x000000000009ffff] reserved
[    0.000000] BIOS-e820: [mem 0x00000000000f0000-0x00000000000fffff] reserved
[    0.000000] BIOS-e820: [mem 0x0000000000100000-0x000000003ffeffff] usable
[    0.000000] BIOS-e820: [mem 0x000000003fff0000-0x000000003fffffff] ACPI data
[    0.000000] BIOS-e820: [mem 0x00000000fec00000-0x00000000fec00fff] reserved
[    0.000000] BIOS-e820: [mem 0x00000000fee00000-0x00000000fee00fff] reserved
[    0.000000] BIOS-e820: [mem 0x00000000fffc0000-0x00000000ffffffff] reserved
[    0.000000] NX (Execute Disable) protection: active
[    0.000000] SMBIOS 2.5 present.
[    0.000000] Hypervisor detected: KVM
[    0.000000] AGP: No AGP bridge found
[    0.000000] e820: last_pfn = 0x3fff0 max_arch_pfn = 0x400000000
[    0.000000] MTRR: Disabled
[    0.000000] x86/PAT: MTRRs disabled, skipping PAT initialization too.
[    0.000000] x86PAT: Configuration [0-7]: WB  WT  UC- UC  WB  WT  UC- UC  
[    0.000000] CPU MTRRs all blank - virtualized system.
[    0.000000] found SMP MP-table at [mem 0x0009fff0-0x0009ffff] mapped at [ffff88000009fff0]
[    0.000000] Scanning 1 areas for low memory corruption
[    0.000000] RAMDISK: [mem 0x36aea000-0x3756cfff]
[    0.000000] ACPI: Early table checksum verification disabled
[    0.000000] ACPI: RSDP 0x00000000000E0000 000024 (v02 VBOX  )
[    0.000000] ACPI: XSDT 0x000000003FFF0030 00003C (v01 VBOX   VBOXXSDT 00000001 ASL  00000061)
[    0.000000] ACPI: FACP 0x000000003FFF00F0 0000F4 (v04 VBOX   VBOXFACP 00000001 ASL  00000061)
[    0.000000] ACPI: DSDT 0x000000003FFF0470 0021C8 (v02 VBOX   VBOXBIOS 00000002 INTL 20100528)
[    0.000000] ACPI: FACS 0x000000003FFF0200 000040
[    0.000000] ACPI: FACS 0x000000003FFF0200 000040
[    0.000000] ACPI: APIC 0x000000003FFF0240 00005C (v02 VBOX   VBOXAPIC 00000001 ASL  00000061)
[    0.000000] ACPI: SSDT 0x000000003FFF02A0 0001CC (v01 VBOX   VBOXCPUT 00000002 INTL 20100528)
[    0.000000] No NUMA configuration found
[    0.000000] Faking a node at [mem 0x0000000000000000-0x000000003ffeffff]
[    0.000000] NODE_DATA(0) allocated [mem 0x3ffeb000-0x3ffeffff]
[    0.000000] kvm-clock: Using msrs 4b564d01 and 4b564d00
[    0.000000] kvm-clock: cpu 0, msr 0:3ffe3001, primary cpu clock
[    0.000000] kvm-clock: using sched offset of 3178457163 cycles
[    0.000000] clocksource: kvm-clock: mask: 0xffffffffffffffff max_cycles: 0x1cd42e4dffb, max_idle_ns: 881590591483 ns
[    0.000000] Zone ranges:
[    0.000000]   DMA      [mem 0x0000000000001000-0x0000000000ffffff]
[    0.000000]   DMA32    [mem 0x0000000001000000-0x000000003ffeffff]
[    0.000000]   Normal   empty
[    0.000000]   Device   empty
[    0.000000] Movable zone start for each node
[    0.000000] Early memory node ranges
[    0.000000]   node   0: [mem 0x0000000000001000-0x000000000009efff]
[    0.000000]   node   0: [mem 0x0000000000100000-0x000000003ffeffff]
[    0.000000] Initmem setup node 0 [mem 0x0000000000001000-0x000000003ffeffff]
[    0.000000] ACPI: PM-Timer IO Port: 0x4008
[    0.000000] IOAPIC[0]: apic_id 2, version 32, address 0xfec00000, GSI 0-23
[    0.000000] ACPI: INT_SRC_OVR (bus 0 bus_irq 0 global_irq 2 dfl dfl)
[    0.000000] ACPI: INT_SRC_OVR (bus 0 bus_irq 9 global_irq 9 high level)
[    0.000000] Using ACPI (MADT) for SMP configuration information
[    0.000000] smpboot: Allowing 2 CPUs, 0 hotplug CPUs
[    0.000000] PM: Registered nosave memory: [mem 0x00000000-0x00000fff]
[    0.000000] PM: Registered nosave memory: [mem 0x0009f000-0x0009ffff]
[    0.000000] PM: Registered nosave memory: [mem 0x000a0000-0x000effff]
[    0.000000] PM: Registered nosave memory: [mem 0x000f0000-0x000fffff]
[    0.000000] e820: [mem 0x40000000-0xfebfffff] available for PCI devices
[    0.000000] Booting paravirtualized kernel on KVM
[    0.000000] clocksource: refined-jiffies: mask: 0xffffffff max_cycles: 0xffffffff, max_idle_ns: 7645519600211568 ns
[    0.000000] setup_percpu: NR_CPUS:512 nr_cpumask_bits:512 nr_cpu_ids:2 nr_node_ids:1
[    0.000000] PERCPU: Embedded 33 pages/cpu @ffff88003fc00000 s98264 r8192 d28712 u1048576
[    0.000000] PV qspinlock hash table entries: 256 (order: 0, 4096 bytes)
[    0.000000] Built 1 zonelists in Node order, mobility grouping on.  Total pages: 257913
[    0.000000] Policy zone: DMA32
[    0.000000] Kernel command line: BOOT_IMAGE=/boot/vmlinuz-4.4.0-77-generic root=LABEL=cloudimg-rootfs ro console=tty1 console=ttyS0
[    0.000000] PID hash table entries: 4096 (order: 3, 32768 bytes)
[    0.000000] AGP: Checking aperture...
[    0.000000] AGP: No AGP bridge found
[    0.000000] Memory: 1001816K/1048120K available (8449K kernel code, 1294K rwdata, 3980K rodata, 1484K init, 1316K bss, 46304K reserved, 0K cma-reserved)
[    0.000000] SLUB: HWalign=64, Order=0-3, MinObjects=0, CPUs=2, Nodes=1
[    0.000000] Hierarchical RCU implementation.
[    0.000000] 	Build-time adjustment of leaf fanout to 64.
[    0.000000] 	RCU restricting CPUs from NR_CPUS=512 to nr_cpu_ids=2.
[    0.000000] RCU: Adjusting geometry for rcu_fanout_leaf=64, nr_cpu_ids=2
[    0.000000] NR_IRQS:33024 nr_irqs:440 16
[    0.000000] Console: colour VGA+ 80x25
[    0.000000] console [tty1] enabled
[    0.000000] console [ttyS0] enabled
[    0.000000] tsc: Detected 3762.526 MHz processor
[    0.000000] tc: Marking TSC unstable due to TSCs unsynchronized
[    0.012000] Calibrating delay loop (skipped) preset value.. 7525.05 BogoMIPS (lpj=15050104)
[    0.016011] pid_max: default: 32768 minimum: 301
[    0.020019] ACPI: Core revision 20150930
[    0.028518] ACPI: 2 ACPI AML tables successfully acquired and loaded
[    0.036385] Security Framework initialized
[    0.040007] Yama: becoming mindful.
[    0.044028] AppArmor: AppArmor initialized
[    0.048109] Dentry cache hash table entries: 131072 (order: 8, 1048576 bytes)
[    0.052217] Inode-cache hash table entries: 65536 (order: 7, 524288 bytes)
[    0.057010] Mount-cache hash table entries: 2048 (order: 2, 16384 bytes)
[    0.060020] Mountpoint-cache hash table entries: 2048 (order: 2, 16384 bytes)
[    0.064191] Initializing cgroup subsys io
[    0.072012] Initializing cgroup subsys memory
[    0.076020] Initializing cgroup subsys devices
[    0.080016] Initializing cgroup subsys freezer
[    0.084019] Initializing cgroup subsys net_cls
[    0.088017] Initializing cgroup subsys perf_event
[    0.092016] Initializing cgroup subsys net_prio
[    0.096024] Initializing cgroup subsys hugetlb
[    0.100016] Initializing cgroup subsys pids
[    0.104140] CPU: Physical Processor ID: 0
[    0.108009] CPU: Processor Core ID: 0
[    0.112014] mce: CPU supports 0 MCE banks
[    0.116029] Last level iTLB entries: 4KB 512, 2MB 1024, 4MB 512
[    0.120010] Last level dTLB entries: 4KB 1024, 2MB 1024, 4MB 512, 1GB 0
[    0.128437] Freeing SMP alternatives memory: 32K (ffffffff820b8000 - ffffffff820c0000)
[    0.144570] ftrace: allocating 32117 entries in 126 pages
[    0.156099] smpboot: APIC(0) Converting physical 0 to logical package 0
[    0.160012] smpboot: Max logical packages: 1
[    0.164349] x2apic enabled
[    0.168008] Switched APIC routing to physical x2apic.
[    0.173432] ..TIMER: vector=0x30 apic1=0 pin1=2 apic2=-1 pin2=-1
[    0.180000] smpboot: CPU0: AMD FX(tm)-6300 Six-Core Processor (family: 0x15, model: 0x2, stepping: 0x0)
[    0.192016] Performance Events: Broken PMU hardware detected, using software events only.
[    0.200009] Failed to access perfctr msr (MSR c0010007 is 0)
[    0.204043] KVM setup paravirtual spinlock
[    0.208779] x86: Booting SMP configuration:
[    0.212005] .... node  #0, CPUs:      #1
[    0.012000] kvm-clock: cpu 1, msr 0:3ffe3041, secondary cpu clock
[    0.012000] mce: CPU supports 0 MCE banks
[    0.309529] x86: Booted up 1 node, 2 CPUs
[    0.312009] smpboot: Total of 2 processors activated (15050.10 BogoMIPS)
[    0.316317] devtmpfs: initialized
[    0.372306] evm: security.selinux
[    0.420006] evm: security.SMACK64
[    0.472002] evm: security.SMACK64EXEC
[    0.524006] evm: security.SMACK64TRANSMUTE
[    0.592005] evm: security.SMACK64MMAP
[    0.672014] evm: security.ima
[    0.708002] evm: security.capability
[    0.753023] clocksource: jiffies: mask: 0xffffffff max_cycles: 0xffffffff, max_idle_ns: 7645041785100000 ns
[    0.936037] futex hash table entries: 512 (order: 3, 32768 bytes)
[    1.024078] pinctrl core: initialized pinctrl subsystem
[    1.088022] RTC time: 17:06:12, date: 05/19/17
[    1.092203] NET: Registered protocol family 16
[    1.164006] cpuidle: using governor ladder
[    1.180009] cpuidle: using governor menu
[    1.184020] PCCT header not found.
[    1.188310] ACPI: bus type PCI registered
[    1.192006] acpiphp: ACPI Hot Plug PCI Controller Driver version: 0.5
[    1.196138] PCI: Using configuration type 1 for base access
[    1.200005] PCI: Using configuration type 1 for extended access
[    1.216120] ACPI: Added _OSI(Module Device)
[    1.276005] ACPI: Added _OSI(Processor Device)
[    1.360005] ACPI: Added _OSI(3.0 _SCP Extensions)
[    1.440010] ACPI: Added _OSI(Processor Aggregator Device)
[    1.536801] ACPI: Executed 1 blocks of module-level executable AML code
[    1.642180] ACPI: Interpreter enabled
[    1.704018] ACPI: (supports S0 S5)
[    1.748005] ACPI: Using IOAPIC for interrupt routing
[    1.812209] PCI: Using host bridge windows from ACPI; if necessary, use "pci=nocrs" and report a bug
[    1.953622] ACPI: PCI Root Bridge [PCI0] (domain 0000 [bus 00-ff])
[    2.060012] acpi PNP0A03:00: _OSC: OS supports [ExtendedConfig ASPM ClockPM Segments MSI]
[    2.180015] acpi PNP0A03:00: _OSC failed (AE_NOT_FOUND); disabling ASPM
[    2.268135] PCI host bridge to bus 0000:00
[    2.340009] pci_bus 0000:00: root bus resource [io  0x0000-0x0cf7 window]
[    2.432007] pci_bus 0000:00: root bus resource [io  0x0d00-0xffff window]
[    2.524015] pci_bus 0000:00: root bus resource [mem 0x000a0000-0x000bffff window]
[    2.628011] pci_bus 0000:00: root bus resource [mem 0x40000000-0xffdfffff window]
[    2.736010] pci_bus 0000:00: root bus resource [bus 00-ff]
[    2.805365] pci 0000:00:01.1: legacy IDE quirk: reg 0x10: [io  0x01f0-0x01f7]
[    2.912009] pci 0000:00:01.1: legacy IDE quirk: reg 0x14: [io  0x03f6]
[    3.016008] pci 0000:00:01.1: legacy IDE quirk: reg 0x18: [io  0x0170-0x0177]
[    3.128007] pci 0000:00:01.1: legacy IDE quirk: reg 0x1c: [io  0x0376]
[    3.237133] pci 0000:00:07.0: quirk: [io  0x4000-0x403f] claimed by PIIX4 ACPI
[    3.368005] pci 0000:00:07.0: quirk: [io  0x4100-0x410f] claimed by PIIX4 SMB
[    3.480817] ACPI: PCI Interrupt Link [LNKA] (IRQs 5 9 10 *11)
[    3.546347] ACPI: PCI Interrupt Link [LNKB] (IRQs 5 9 10 *11)
[    3.577464] ACPI: PCI Interrupt Link [LNKC] (IRQs 5 9 *10 11)
[    3.672614] ACPI: PCI Interrupt Link [LNKD] (IRQs 5 *9 10 11)
[    3.746638] ACPI: Enabled 2 GPEs in block 00 to 07
[    3.812239] vgaarb: setting as boot device: PCI:0000:00:02.0
[    3.816000] vgaarb: device added: PCI:0000:00:02.0,decodes=io+mem,owns=io+mem,locks=none
[    4.004009] vgaarb: loaded
[    4.044004] vgaarb: bridge control possible 0000:00:02.0
[    4.120323] SCSI subsystem initialized
[    4.172073] ACPI: bus type USB registered
[    4.240047] usbcore: registered new interface driver usbfs
[    4.312027] usbcore: registered new interface driver hub
[    4.380032] usbcore: registered new device driver usb
[    4.468110] PCI: Using ACPI for IRQ routing
[    4.524349] NetLabel: Initializing
[    4.572004] NetLabel:  domain hash size = 128
[    4.596007] NetLabel:  protocols = UNLABELED CIPSOv4
[    4.600024] NetLabel:  unlabeled traffic allowed by default
[    4.688103] amd_nb: Cannot enumerate AMD northbridges
[    4.756048] clocksource: Switched to clocksource kvm-clock
[    4.830520] AppArmor: AppArmor Filesystem Enabled
[    4.892031] pnp: PnP ACPI init
[    4.920791] pnp: PnP ACPI: found 3 devices
[    4.993816] clocksource: acpi_pm: mask: 0xffffff max_cycles: 0xffffff, max_idle_ns: 2085701024 ns
[    5.120992] NET: Registered protocol family 2
[    5.183651] TCP established hash table entries: 8192 (order: 4, 65536 bytes)
[    5.305633] TCP bind hash table entries: 8192 (order: 5, 131072 bytes)
[    5.392109] TCP: Hash tables configured (established 8192 bind 8192)
[    5.463618] UDP hash table entries: 512 (order: 2, 16384 bytes)
[    5.560127] UDP-Lite hash table entries: 512 (order: 2, 16384 bytes)
[    5.652697] NET: Registered protocol family 1
[    5.715602] pci 0000:00:00.0: Limiting direct PCI/PCI transfers
[    5.776643] pci 0000:00:01.0: Activating ISA DMA hang workarounds
[    5.860760] Unpacking initramfs...
[    7.609047] Freeing initrd memory: 10764K (ffff880036aea000 - ffff88003756d000)
[    7.764905] clocksource: tsc: mask: 0xffffffffffffffff max_cycles: 0x6c7820686a0, max_idle_ns: 881590924592 ns
[    7.902023] platform rtc_cmos: registered platform RTC device (no PNP device found)
[    8.024409] Scanning for low memory corruption every 60 seconds
[    8.095448] audit: initializing netlink subsys (disabled)
[    8.161437] audit: type=2000 audit(1495213565.551:1): initialized
[    8.263188] Initialise system trusted keyring
[    8.333132] HugeTLB registered 2 MB page size, pre-allocated 0 pages
[    8.511386] zbud: loaded
[    8.558657] VFS: Disk quotas dquot_6.6.0
[    8.644166] VFS: Dquot-cache hash table entries: 512 (order 0, 4096 bytes)
[    8.783927] squashfs: version 4.0 (2009/01/31) Phillip Lougher
[    8.867996] fuse init (API version 7.23)
[    8.986053] Key type big_key registered
[    9.098987] Allocating IMA MOK and blacklist keyrings.
[    9.214635] Key type asymmetric registered
[    9.319533] Asymmetric key parser 'x509' registered
[    9.422085] Block layer SCSI generic (bsg) driver version 0.4 loaded (major 249)
[    9.588111] io scheduler noop registered
[    9.664555] io scheduler deadline registered (default)
[    9.776687] io scheduler cfq registered
[    9.848746] pci_hotplug: PCI Hot Plug PCI Core version: 0.5
[    9.936165] pciehp: PCI Express Hot Plug Controller Driver version: 0.4
[   10.065839] ACPI: AC Adapter [AC] (on-line)
[   10.182889] input: Power Button as /devices/LNXSYSTM:00/LNXPWRBN:00/input/input0
[   10.365978] ACPI: Power Button [PWRF]
[   10.470706] input: Sleep Button as /devices/LNXSYSTM:00/LNXSLPBN:00/input/input1
[   10.627555] ACPI: Sleep Button [SLPF]
[   10.706430] GHES: HEST is not enabled!
[   10.796960] Serial: 8250/16550 driver, 32 ports, IRQ sharing enabled
ÿ[   10.990443] 00:02: ttyS0 at I/O 0x3f8 (irq = 4, base_baud = 115200) is a 16550A
[   11.201526] Linux agpgart interface v0.103
[   11.334261] loop: module loaded
[   11.378000] scsi host0: ata_piix
[   11.466017] scsi host1: ata_piix
[   11.547814] ata1: PATA max UDMA/33 cmd 0x1f0 ctl 0x3f6 bmdma 0xd000 irq 14
[   11.730412] ata2: PATA max UDMA/33 cmd 0x170 ctl 0x376 bmdma 0xd008 irq 15
[   11.839043] libphy: Fixed MDIO Bus: probed
[   11.840602] tun: Universal TUN/TAP device driver, 1.6
[   11.920863] tun: (C) 1999-2004 Max Krasnyansky <maxk@qualcomm.com>
[   12.081609] PPP generic driver version 2.4.2
[   12.162043] ehci_hcd: USB 2.0 'Enhanced' Host Controller (EHCI) Driver
[   12.276997] ehci-pci: EHCI PCI platform driver
[   12.333948] ehci-platform: EHCI generic platform driver
[   12.414996] ohci_hcd: USB 1.1 'Open' Host Controller (OHCI) Driver
[   12.506590] ohci-pci: OHCI PCI platform driver
[   12.581490] ohci-platform: OHCI generic platform driver
[   12.660471] uhci_hcd: USB Universal Host Controller Interface driver
[   12.747442] i8042: PNP: PS/2 Controller [PNP0303:PS2K,PNP0f03:PS2M] at 0x60,0x64 irq 1,12
[   12.961473] serio: i8042 KBD port at 0x60,0x64 irq 1
[   13.096017] serio: i8042 AUX port at 0x60,0x64 irq 12
[   13.190811] mousedev: PS/2 mouse device common for all mice
[   13.314035] input: AT Translated Set 2 keyboard as /devices/platform/i8042/serio0/input/input2
[   13.320861] rtc_cmos rtc_cmos: rtc core: registered rtc_cmos as rtc0
[   13.320947] rtc_cmos rtc_cmos: alarms up to one day, 114 bytes nvram
[   13.320956] i2c /dev entries driver
[   13.321042] device-mapper: uevent: version 1.0.3
[   13.321110] device-mapper: ioctl: 4.34.0-ioctl (2015-10-28) initialised: dm-devel@redhat.com
[   13.321130] ledtrig-cpu: registered to indicate activity on CPUs
[   13.321449] NET: Registered protocol family 10
[   13.321615] NET: Registered protocol family 17
[   13.321625] Key type dns_resolver registered
[   13.321564] microcode: CPU0: patch_level=0x06000626
[   13.493939] microcode: CPU1: patch_level=0x06000626
[   13.494020] microcode: Microcode Update Driver: v2.01 <tigran@aivazian.fsnet.co.uk>, Peter Oruba
[   13.494175] registered taskstats version 1
[   13.494188] Loading compiled-in X.509 certificates
[   13.494959] Loaded X.509 cert 'Build time autogenerated kernel key: 60562572960efd370424d983abb028749c4780ed'
[   13.494996] zswap: loaded using pool lzo/zbud
[   13.496659] Key type trusted registered
[   13.499249] Key type encrypted registered
[   13.499253] AppArmor: AppArmor sha1 policy hashing enabled
[   13.499255] ima: No TPM chip found, activating TPM-bypass!
[   13.499276] evm: HMAC attrs: 0x1
[   13.499607]   Magic number: 1:290:138
[   13.592199] rtc_cmos rtc_cmos: setting system clock to 2017-05-19 17:06:25 UTC (1495213585)
[   13.592311] BIOS EDD facility v0.16 2004-Jun-25, 0 devices found
[   13.592311] EDD information not available.
[   16.349605] Freeing unused kernel memory: 1484K (ffffffff81f45000 - ffffffff820b8000)
[   16.457323] Write protecting the kernel read-only data: 14336k
[   16.521386] Freeing unused kernel memory: 1780K (ffff880001843000 - ffff880001a00000)
[   16.657233] Freeing unused kernel memory: 116K (ffff880001de3000 - ffff880001e00000)
Loading, please [   16.856891] random: udevadm: uninitialized urandom read (16 bytes read, 4 bits of entropy available)
wait...
startin[   16.858790] random: systemd-udevd: uninitialized urandom read (16 bytes read, 4 bits of entropy available)
g version 229
[   16.858863] random: systemd-udevd: uninitialized urandom read (16 bytes read, 4 bits of entropy available)
[   16.858874] random: systemd-udevd: uninitialized urandom read (16 bytes read, 4 bits of entropy available)
[   16.858888] random: systemd-udevd: uninitialized urandom read (16 bytes read, 4 bits of entropy available)
[   17.892677] random: udevadm: uninitialized urandom read (16 bytes read, 4 bits of entropy available)
[   18.133819] random: udevadm: uninitialized urandom read (16 bytes read, 4 bits of entropy available)
[   18.365539] random: udevadm: uninitialized urandom read (16 bytes read, 4 bits of entropy available)
[   18.553816] random: udevadm: uninitialized urandom read (16 bytes read, 4 bits of entropy available)
[   18.769830] random: udevadm: uninitialized urandom read (16 bytes read, 4 bits of entropy available)
[   19.030958] e1000: Intel(R) PRO/1000 Network Driver - version 7.3.21-k8-NAPI
[   19.152877] e1000: Copyright (c) 1999-2006 Intel Corporation.
[   19.279423] Fusion MPT base driver 3.04.20
[   19.340300] Copyright (c) 1999-2008 LSI Corporation
[   19.426562] Fusion MPT SPI Host driver 3.04.20
[   19.521478] AVX version of gcm_enc/dec engaged.
[   19.575467] AES CTR mode by8 optimization enabled
[   19.815803] input: ImExPS/2 Generic Explorer Mouse as /devices/platform/i8042/serio1/input/input4
[   20.037159] e1000 0000:00:03.0 eth0: (PCI:33MHz:32-bit) 02:70:ae:be:ac:28
[   20.129998] e1000 0000:00:03.0 eth0: Intel(R) PRO/1000 Network Connection
[   20.259430] mptbase: ioc0: Initiating bringup
[   20.259599] e1000 0000:00:03.0 enp0s3: renamed from eth0
[   20.596162] ioc0: LSI53C1030 A0: Capabilities={Initiator}
[   20.893677] scsi host2: ioc0: LSI53C1030 A0, FwRev=00000000h, Ports=1, MaxQ=256, IRQ=20
[   21.213427] scsi 2:0:0:0: Direct-Access     VBOX     HARDDISK         1.0  PQ: 0 ANSI: 5
[   21.328058] scsi target2:0:0: Beginning Domain Validation
[   21.413512] scsi target2:0:0: Domain Validation skipping write tests
[   21.570612] scsi target2:0:0: Ending Domain Validation
[   21.654050] scsi target2:0:0: asynchronous
[   21.756600] scsi 2:0:1:0: Direct-Access     VBOX     HARDDISK         1.0  PQ: 0 ANSI: 5
[   21.864059] scsi target2:0:1: Beginning Domain Validation
[   21.953594] scsi target2:0:1: Domain Validation skipping write tests
[   22.019692] scsi target2:0:1: Ending Domain Validation
[   22.082748] scsi target2:0:1: asynchronous
[   22.132637] sd 2:0:0:0: [sda] 20971520 512-byte logical blocks: (10.7 GB/10.0 GiB)
[   22.140350] sd 2:0:0:0: Attached scsi generic sg0 type 0
[   22.140944] sd 2:0:1:0: Attached scsi generic sg1 type 0
[   22.474855] sd 2:0:1:0: [sdb] 20480 512-byte logical blocks: (10.5 MB/10.0 MiB)
[   22.587453] sd 2:0:0:0: [sda] Write Protect is off
[   22.621899] sd 2:0:1:0: [sdb] Write Protect is off
[   22.621900] floppy0: no floppy controllers found
[   22.718161] sd 2:0:1:0: [sdb] Incomplete mode parameter data
[   22.813288] sd 2:0:1:0: [sdb] Assuming drive cache: write through
[   22.816728] sd 2:0:0:0: [sda] Incomplete mode parameter data
[   22.816729] sd 2:0:0:0: [sda] Assuming drive cache: write through
[   22.817785]  sda: sda1
[   22.818499] sd 2:0:0:0: [sda] Attached SCSI disk
[   23.189821] sd 2:0:1:0: [sdb] Attached SCSI disk
Begin: Loading e[   24.711679] md: linear personality registered for level -1
ssential drivers[   24.780054] md: multipath personality registered for level -4
 ... [   24.883165] md: raid0 personality registered for level 0
[   24.965711] md: raid1 personality registered for level 1
[   25.116032] raid6: sse2x1   gen()  6340 MB/s
[   25.284016] raid6: sse2x1   xor()  4351 MB/s
[   25.444036] raid6: sse2x2   gen() 10178 MB/s
[   25.620050] raid6: sse2x2   xor()  6903 MB/s
[   25.780068] raid6: sse2x4   gen() 11263 MB/s
[   25.916096] raid6: sse2x4   xor()  5463 MB/s
[   26.036681] raid6: using algorithm sse2x4 gen() 11263 MB/s
[   26.165118] raid6: .... xor() 5463 MB/s, rmw enabled
[   26.289628] raid6: using ssse3x2 recovery algorithm
[   26.413686] xor: automatically using best checksumming function:
[   26.548651]    avx       :  4614.000 MB/sec
[   26.622591] async_tx: api initialized (async)
[   26.733816] md: raid6 personality registered for level 6
[   26.815748] md: raid5 personality registered for level 5
[   26.909277] md: raid4 personality registered for level 4
[   26.960091] md: raid10 personality registered for level 10
done.
Begin: Running /scripts/init-p[   27.140286] Btrfs loaded
remount ... done.
Begin: Mounti[   27.209289] EXT4-fs (sda1): mounted filesystem with ordered data mode. Opts: (null)
ng root file system ... Begin: Running /scripts/local-top ... done.
Begin: Running /scripts/local-premount ... Scanning for Btrfs filesystems
done.
Warning: fsck not present, so skipping root file system
done.
Begin: Running /scripts/local-bottom ... done.
Begin: Running /scripts/init-bottom ... done.
[   27.622061] systemd[1]: systemd 229 running in system mode. (+PAM +AUDIT +SELINUX +IMA +APPARMOR +SMACK +SYSVINIT +UTMP +LIBCRYPTSETUP +GCRYPT +GNUTLS +ACL +XZ -LZ4 +SECCOMP +BLKID +ELFUTILS +KMOD -IDN)
[   28.007126] systemd[1]: Detected virtualization oracle.
[   28.121043] systemd[1]: Detected architecture x86-64.

Welcome to [1mUbuntu 16.04.2 LTS[0m!

[   28.288722] systemd[1]: Set hostname to <ubuntu-xenial>.
[   28.533048] systemd[1]: Listening on Journal Audit Socket.
[[0;32m  OK  [0m] Listening on Journal Audit Socket.
[   28.728628] systemd[1]: Reached target Encrypted Volumes.
[[0;32m  OK  [0m] Reached target Encrypted Volumes.
[   28.948729] systemd[1]: Listening on Journal Socket.
[[0;32m  OK  [0m] Listening on Journal Socket.
[   29.104856] systemd[1]: Listening on Syslog Socket.
[[0;32m  OK  [0m] Listening on Syslog Socket.
[   29.281053] systemd[1]: Created slice System Slice.
[[0;32m  OK  [0m] Created slice System Slice.
[   29.468264] systemd[1]: Starting Create list of required static device nodes for the current kernel...
         Starting Create list of required st... nodes for the current kernel...
[   29.669840] systemd[1]: Started Trigger resolvconf update for networkd DNS.
[[0;32m  OK  [0m] Started Trigger resolvconf update for networkd DNS.
[   29.824627] systemd[1]: Created slice system-serial\x2dgetty.slice.
[[0;32m  OK  [0m] Created slice system-serial\x2dgetty.slice.
[   29.965336] systemd[1]: Reached target Swap.
[[0;32m  OK  [0m] Reached target Swap.
[   30.048558] systemd[1]: Created slice User and Session Slice.
[[0;32m  OK  [0m] Created slice User and Session Slice.
[   30.268320] systemd[1]: Reached target Slices.
[[0;32m  OK  [0m] Reached target Slices.
[   30.436507] systemd[1]: Set up automount Arbitrary Executable File Formats File System Automount Point.
[[0;32m  OK  [0m] Set up automount Arbitrary Executab...ats File System Automount Point.
[   30.816456] systemd[1]: Starting Remount Root and Kernel File Systems...
[   30.916083] random: nonblocking pool is initialized
         Startin[   31.014769] EXT4-fs (sda1): re-mounted. Opts: (null)
g Remount Root and Kernel File Systems...
[   31.140484] systemd[1]: Listening on Journal Socket (/dev/log).
[[0;32m  OK  [0m] Listening on Journal Socket (/dev/log).
[   31.288512] systemd[1]: Starting Journal Service...
         Starting Journal Service...
[   31.408523] systemd[1]: Listening on LVM2 metadata daemon socket.
[[0;32m  OK  [0m] Listening on LVM2 metadata daemon socket.
[   31.552475] systemd[1]: Reached target User and Group Name Lookups.
[[0;32m  OK  [0m] Reached target User and Group Name Lookups.
[   31.696488] systemd[1]: Starting Load Kernel Modules...
[   31.801658] Loading iSCSI transport class v2.0-870.
         Startin[   31.926321] iscsi: registered transport (tcp)
g Load Kernel Modules...
[   32.053899] iscsi: registered transport (iser)
[   32.200639] systemd[1]: Starting Uncomplicated firewall...
         Starting Uncomplicated firewall...
[   32.360625] systemd[1]: Listening on Device-mapper event daemon FIFOs.
[[0;32m  OK  [0m] Listening on Device-mapper event daemon FIFOs.
[   32.613161] systemd[1]: Starting Monitoring of LVM2 mirrors, snapshots etc. using dmeventd or progress polling...
         Starting Monitoring of LVM2 mirrors... dmeventd or progress polling...
[   32.844574] systemd[1]: Mounting Huge Pages File System...
         Mounting Huge Pages File System...
[   33.036585] systemd[1]: Mounting POSIX Message Queue File System...
         Mounting POSIX Message Queue File System...
[   33.220709] systemd[1]: Listening on LVM2 poll daemon socket.
[[0;32m  OK  [0m] Listening on LVM2 poll daemon socket.
[   33.400656] systemd[1]: Mounting Debug File System...
         Mounting Debug File System...
[   33.576288] systemd[1]: Started Forward Password Requests to Wall Directory Watch.
[[0;32m  OK  [0m] Started Forward Password Requests to Wall Directory Watch.
[   33.872337] systemd[1]: Listening on udev Control Socket.
[[0;32m  OK  [0m] Listening on udev Control Socket.
[   34.064341] systemd[1]: Listening on udev Kernel Socket.
[[0;32m  OK  [0m] Listening on udev Kernel Socket.
[   34.280360] systemd[1]: Starting Set console keymap...
         Starting Set console keymap...
[   34.364217] systemd[1]: Starting Nameserver information manager...
         Starting Nameserver information manager...
[   34.464408] systemd[1]: Listening on /dev/initctl Compatibility Named Pipe.
[[0;32m  OK  [0m] Listening on /dev/initctl Compatibility Named Pipe.
[   34.761240] systemd[1]: Mounted Huge Pages File System.
[[0;32m  OK  [0m] Mounted Huge Pages File System.
[   34.876455] systemd[1]: Mounted Debug File System.
[[0;32m  OK  [0m] Mounted Debug File System.
[   34.988454] systemd[1]: Mounted POSIX Message Queue File System.
[[0;32m  OK  [0m] Mounted POSIX Message Queue File System.
[   35.113350] systemd[1]: Started Journal Service.
[[0;32m  OK  [0m] Started Journal Service.
[[0;32m  OK  [0m] Started Create list of required sta...ce nodes for the current kernel.
[[0;32m  OK  [0m] Started Remount Root and Kernel File Systems.
[[0;32m  OK  [0m] Started Load Kernel Modules.
[[0;32m  OK  [0m] Started Uncomplicated firewall.
[[0;32m  OK  [0m] Started Set console keymap.
[[0;32m  OK  [0m] Started Nameserver information manager.
[[0;32m  OK  [0m] Started LVM2 metadata daemon.
         Starting Apply Kernel Variables...
         Mounting FUSE Control File System...
         Starting Initial cloud-init job (pre-networking)...
         Starting Load/Save Random Seed...
         Starting udev Coldplug all Devices...
         Starting Create Static Device Nodes in /dev...
         Starting Flush Journal to Persistent Storage...
[[0;32m  OK  [0m] Mounted FUSE Control File System.
[[0;32m  OK  [0m] Started Monitoring of LVM2 mirrors,...ng dmeventd or progress polling.
[[0;32m  OK  [0m] Started Apply Kernel Variables.
[[0;32m  OK  [0m] Started Load/Save Random Seed.
[[0;32m  OK  [0m] Started Create Static Device Nodes in /dev.
[[0;32m  OK  [0m] Started udev Coldplug all Devices.
[[0;32m  OK  [0m] Started Flush Journal to Persistent Storage.
[   36.602295] cloud-init[453]: Cloud-init v. 0.7.9 running 'init-local' at Fri, 19 May 2017 17:06:48 +0000. Up 36.35 seconds.
[[0;32m  OK  [0m] Started Initial cloud-init job (pre-networking).
[[0;32m  OK  [0m] Reached target Network (Pre).
         Starting udev Kernel Device Manager...
[[0;32m  OK  [0m] Started udev Kernel Device Manager.
[[0;32m  OK  [0m] Found device /dev/ttyS0.
[[0;32m  OK  [0m] Started Dispatch Password Requests to Console Directory Watch.
[[0;32m  OK  [0m] Reached target Local File Systems (Pre).
[[0;32m  OK  [0m] Reached target Local File Systems.
         Starting Create Volatile Files and Directories...
         Starting LSB: AppArmor initialization...
         Starting Set console font and keymap...
         Starting Tell Plymouth To Write Out Runtime Data...
[[0;32m  OK  [0m] Started Create Volatile Files and Directories.
[[0;32m  OK  [0m] Started Tell Plymouth To Write Out Runtime Data.
[[0;32m  OK  [0m] Listening on Load/Save RF Kill Switch Status /dev/rfkill Watch.
         Starting Update UTMP about System Boot/Shutdown...
[[0;32m  OK  [0m] Reached target System Time Synchronized.
[[0;32m  OK  [0m] Started LSB: AppArmor initialization.
[[0;32m  OK  [0m] Started Set console font and keymap.
[[0;32m  OK  [0m] Created slice system-getty.slice.
[[0;32m  OK  [0m] Started ifup for enp0s3.
         Starting Raise network interfaces...
[[0;32m  OK  [0m] Started Update UTMP about System Boot/Shutdown.
[[0;32m  OK  [0m] Started Raise network interfaces.
         Starting Initial cloud-init job (metadata service crawler)...
[[0;32m  OK  [0m] Reached target Network.
[   40.804349] cloud-init[967]: Cloud-init v. 0.7.9 running 'init' at Fri, 19 May 2017 17:06:52 +0000. Up 40.51 seconds.
[   40.924360] [cloud-init[0;32m  OK  [0m[967]: ] ci-info: +++++++++++++++++++++++++++++++++++++Net device info++++++++++++++++++++++++++++++++++++++Started Initial cloud-init job (metadata service crawler).

[   40.924861] cloud-init[967]: ci-info: +--------+------+----------------------------+---------------+-------+-------------------+
[   41.244755] [cloud-init[0;32m  OK  [0m[967]: ] ci-info: | Device |  Up  |          Address           |      Mask     | Scope |     Hw-Address    |Reached target System Initialization.

[   41.245254] [[0;32m  OK  [0mcloud-init] [967]: Listening on ACPID Listen Socket.ci-info: +--------+------+----------------------------+---------------+-------+-------------------+

[   41.588312]          cloud-initStarting Socket activation for snappy daemon.[967]: 
ci-info: | enp0s3 | True |         10.0.2.15          | 255.255.255.0 |   .   | 02:70:ae:be:ac:28 |
[   41.764392] [cloud-init[0;32m  OK  [0m[967]: ] ci-info: | enp0s3 | True | fe80::70:aeff:febe:ac28/64 |       .       |  link | 02:70:ae:be:ac:28 |Started Timer to automatically refresh installed snaps.

[   41.764933] [cloud-init[0;32m  OK  [0m[967]: ] ci-info: |   lo   | True |         127.0.0.1          |   255.0.0.0   |   .   |         .         |Listening on D-Bus System Message Bus Socket.

[   42.136394] [cloud-init[0;32m  OK  [0m[967]: ] ci-info: |   lo   | True |          ::1/128           |       .       |  host |         .         |Started Daily Cleanup of Temporary Directories.

[[0;32m  OK  [0m] Listening on UUID daemon activation socket.
[   42.136875] cloud-init[967]: ci-info: +--------+------+----------------------------+---------------+-------+-------------------+
[   42.508426] [cloud-init[0;32m  OK  [0m[967]: ] ci-info: +++++++++++++++++++++++++++Route IPv4 info++++++++++++++++++++++++++++Started ACPI Events Check.

[   42.508921] [cloud-init[0;32m  OK  [0m[967]: ] ci-info: +-------+-------------+----------+---------------+-----------+-------+Reached target Paths.

[   42.800521] [cloud-init[0;32m  OK  [0m[967]: ] ci-info: | Route | Destination | Gateway  |    Genmask    | Interface | Flags |Started Daily apt activities.

[   42.940528] [cloud-init[0;32m  OK  [0m[967]: ] ci-info: +-------+-------------+----------+---------------+-----------+-------+Reached target Timers.

[   42.941026] cloud-init[967]: ci-info: |   0   |   0.0.0.0   | 10.0.2.2 |    0.0.0.0    |   enp0s3  |   UG  |
[   43.190113] cloud-init[967]: ci-info: |   1   |   10.0.2.0  | 0.0.0.0  | 255.255.255.0 |   enp0s3  |   U   |
[   43.190402] cloud-init[967]: ci-info: +-------+-------------+----------+---------------+-----------+-------+
         Starting LXD - unix socket.
[[0;32m  OK  [0m] Reached target Network is Online.
         Starting iSCSI initiator daemon (iscsid)...
[[0;32m  OK  [0m] Reached target Cloud-config availability.
[[0;32m  OK  [0m] Listening on Socket activation for snappy daemon.
[[0;32m  OK  [0m] Listening on LXD - unix socket.
[[0;32m  OK  [0m] Started iSCSI initiator daemon (iscsid).
         Starting Login to default iSCSI targets...
[[0;32m  OK  [0m] Reached target Sockets.
[[0;32m  OK  [0m] Reached target Basic System.
         Starting Apply the settings specified in cloud-config...
         Starting System Logging Service...
[[0;32m  OK  [0m] Started D-Bus System Message Bus.
[[0;32m  OK  [0m] Started Deferred execution scheduler.
         Starting /etc/rc.local Compatibility...
         Starting Login Service...
[   44.383624] cloud-init[1027]: Cloud-init v. 0.7.9 running 'modules:config' at Fri, 19 May 2017 17:06:56 +0000. Up 44.28 seconds.
         Starting LXD - container startup/shutdown...
[[0;32m  OK  [0m] Started Unattended Upgrades Shutdown.
[[0;32m  OK  [0m] Started FUSE filesystem for LXC.
[[0;32m  OK  [0m] Started ACPI event daemon.
[[0;32m  OK  [0m] Started Regular background program processing daemon.
         Starting LSB: Record successful boot for GRUB...
         Starting LSB: MD monitoring daemon...
         Starting Accounts Service...
         Starting OpenBSD Secure Shell server...
[[0;32m  OK  [0m] Started Snappy daemon.
         Starting Auto import assertions from block devices...
[[0;32m  OK  [0m] Started System Logging Service.
[[0;32m  OK  [0m] Started OpenBSD Secure Shell server.
[[0;32m  OK  [0m] Started Apply the settings specified in cloud-config.
[[0;32m  OK  [0m] Started /etc/rc.local Compatibility.
[[0;32m  OK  [0m] Started LXD - container startup/shutdown.
[[0;32m  OK  [0m] Started Auto import assertions from block devices.
[[0;32m  OK  [0m] Started Login to default iSCSI targets.
[[0;32m  OK  [0m] Started LSB: Record successful boot for GRUB.
[[0;32m  OK  [0m] Started LSB: MD monitoring daemon.
[[0;32m  OK  [0m] Started Login Service.
         Starting Authenticate and Authorize Users to Run Privileged Tasks...
[[0;32m  OK  [0m] Reached target Remote File Systems (Pre).
[[0;32m  OK  [0m] Reached target Remote File Systems.
         Starting LSB: automatic crash report generation...
         Starting LSB: Set the CPU Frequency Scaling governor to "ondemand"...
         Starting LSB: VirtualBox Linux Additions...
         Starting LSB: daemon to balance interrupts for SMP systems...
         Starting Permit User Sessions...
[[0;32m  OK  [0m] Started Permit User Sessions.
[[0;32m  OK  [0m] Started Authenticate and Authorize Users to Run Privileged Tasks.
[[0;32m  OK  [0m] Started Accounts Service.
[[0;32m  OK  [0m] Started LSB: Set the CPU Frequency Scaling governor to "ondemand".
[[0;32m  OK  [0m] Started LSB: automatic crash report generation.
         Starting Hold until boot process finishes up...
         Starting Terminate Plymouth Boot Screen...
[[0;32m  OK  [0m] Started LSB: VirtualBox Linux Additions.
[[0;32m  OK  [0m] Started LSB: daemon to balance interrupts for SMP systems.
[[0;32m  OK  [0m] Started Hold until boot process finishes up.
[[0;32m  OK  [0m] Started Terminate Plymouth Boot Screen.
[[0;32m  OK  [0m] Started Serial Getty on ttyS0.
         Starting Set console scheme...
[[0;32m  OK  [0m] Started Getty on tty1.
[[0;32m  OK  [0m] Reached target Login Prompts.
[[0;32m  OK  [0m] Reached target Multi-User System.
         Starting Execute cloud user/final scripts...
[[0;32m  OK  [0m] Reached target Graphical Interface.
         Starting Update UTMP about System Runlevel Changes...
[[0;32m  OK  [0m] Started Set console scheme.
[[0;32m  OK  [0m] Started Update UTMP about System Runlevel Changes.
[   47.460122] cloud-init[1201]: Cloud-init v. 0.7.9 running 'modules:final' at Fri, 19 May 2017 17:06:59 +0000. Up 47.33 seconds.
[   47.552116] cloud-init[1201]: Cloud-init v. 0.7.9 finished at Fri, 19 May 2017 17:06:59 +0000. Datasource DataSourceNoCloud [seed=/dev/sdb][dsmode=net].  Up 47.45 seconds
[[0;32m  OK  [0m] Started Execute cloud user/final scripts.
[[0;32m  OK  [0m] Reached target Cloud-init target.

Ubuntu 16.04.2 LTS ubuntu-xenial ttyS0

ubuntu-xenial login: 